<?xml version="1.0" encoding="UTF-8"?>
<!-- Generated by org.testng.reporters.JUnitReportReporter -->
<testsuite skipped="0" hostname="ip-172-31-19-99" name="testcases.LoginTest" tests="4" failures="0" timestamp="2022-03-13T04:32:14 UTC" time="19.890" errors="0">
  <testcase name="ParameterizedTest" time="5.501" classname="testcases.LoginTest"/>
  <system-out/>
  <testcase name="ExternalDataTest" time="5.184" classname="testcases.LoginTest"/>
  <system-out/>
  <testcase name="LoginFailiureTest" time="4.664" classname="testcases.LoginTest"/>
  <system-out/>
  <testcase name="LoginSuccessTest" time="4.541" classname="testcases.LoginTest"/>
  <system-out/>
</testsuite> <!-- testcases.LoginTest -->
