<?xml version="1.0" encoding="UTF-8"?>
<!-- Generated by org.testng.reporters.JUnitReportReporter -->
<testsuite skipped="0" hostname="ip-172-31-19-99" name="testcases.HomeTest" tests="1" failures="0" timestamp="2022-03-19T04:11:13 UTC" time="0.000" errors="0">
  <testcase name="test1" time="0.000" classname="testcases.HomeTest"/>
  <system-out/>
</testsuite> <!-- testcases.HomeTest -->
