<?xml version="1.0" encoding="UTF-8"?>
<!-- Generated by org.testng.reporters.JUnitReportReporter -->
<testsuite skipped="0" hostname="ip-172-31-19-99" name="testcases.LoginTest" tests="4" failures="0" timestamp="2022-03-19T04:11:13 UTC" time="20.569" errors="0">
  <testcase name="LoginFailiureTest" time="6.141" classname="testcases.LoginTest"/>
  <system-out/>
  <testcase name="ParameterizedTest" time="4.587" classname="testcases.LoginTest"/>
  <system-out/>
  <testcase name="ExternalDataTest" time="4.652" classname="testcases.LoginTest"/>
  <system-out/>
  <testcase name="LoginSuccessTest" time="5.189" classname="testcases.LoginTest"/>
  <system-out/>
</testsuite> <!-- testcases.LoginTest -->
